8:C 29 Jun 2023 17:44:37.801 # oO0OoO0OoO0Oo Redis is starting oO0OoO0OoO0Oo
8:C 29 Jun 2023 17:44:37.801 # Redis version=7.0.11, bits=64, commit=00000000, modified=0, pid=8, just started
8:C 29 Jun 2023 17:44:37.801 # Configuration loaded
8:C 29 Jun 2023 17:45:17.502 # oO0OoO0OoO0Oo Redis is starting oO0OoO0OoO0Oo
8:C 29 Jun 2023 17:45:17.502 # Redis version=7.0.11, bits=64, commit=00000000, modified=0, pid=8, just started
8:C 29 Jun 2023 17:45:17.503 # Configuration loaded
8:C 29 Jun 2023 17:55:15.433 # oO0OoO0OoO0Oo Redis is starting oO0OoO0OoO0Oo
8:C 29 Jun 2023 17:55:15.433 # Redis version=7.0.11, bits=64, commit=00000000, modified=0, pid=8, just started
8:C 29 Jun 2023 17:55:15.433 # Configuration loaded
8:C 29 Jun 2023 18:02:49.861 # oO0OoO0OoO0Oo Redis is starting oO0OoO0OoO0Oo
8:C 29 Jun 2023 18:02:49.861 # Redis version=7.0.11, bits=64, commit=00000000, modified=0, pid=8, just started
8:C 29 Jun 2023 18:02:49.861 # Configuration loaded
8:C 29 Jun 2023 18:59:38.217 # oO0OoO0OoO0Oo Redis is starting oO0OoO0OoO0Oo
8:C 29 Jun 2023 18:59:38.217 # Redis version=7.0.11, bits=64, commit=00000000, modified=0, pid=8, just started
8:C 29 Jun 2023 18:59:38.217 # Configuration loaded
8:M 29 Jun 2023 18:59:38.219 * monotonic clock: POSIX clock_gettime
7:C 29 Jun 2023 20:25:06.261 # oO0OoO0OoO0Oo Redis is starting oO0OoO0OoO0Oo
8:C 29 Jun 2023 20:29:56.625 # oO0OoO0OoO0Oo Redis is starting oO0OoO0OoO0Oo
8:C 29 Jun 2023 20:29:56.625 # Redis version=7.0.11, bits=64, commit=00000000, modified=0, pid=8, just started
8:C 29 Jun 2023 20:29:56.625 # Configuration loaded
8:C 10 Jul 2023 17:43:32.205 # oO0OoO0OoO0Oo Redis is starting oO0OoO0OoO0Oo
8:C 10 Jul 2023 17:43:32.205 # Redis version=7.0.11, bits=64, commit=00000000, modified=0, pid=8, just started
8:C 10 Jul 2023 17:43:32.205 # Configuration loaded
8:M 10 Jul 2023 17:43:32.206 * monotonic clock: POSIX clock_gettime
8:C 10 Jul 2023 18:09:47.694 # oO0OoO0OoO0Oo Redis is starting oO0OoO0OoO0Oo
8:C 10 Jul 2023 18:09:47.695 # Redis version=7.0.11, bits=64, commit=00000000, modified=0, pid=8, just started
8:C 10 Jul 2023 18:09:47.695 # Configuration loaded
8:M 10 Jul 2023 18:09:47.696 * monotonic clock: POSIX clock_gettime
8:C 10 Jul 2023 19:13:41.036 # oO0OoO0OoO0Oo Redis is starting oO0OoO0OoO0Oo
8:C 10 Jul 2023 19:13:41.036 # Redis version=7.0.11, bits=64, commit=00000000, modified=0, pid=8, just started
8:C 10 Jul 2023 19:13:41.036 # Configuration loaded
8:M 10 Jul 2023 19:13:41.037 * monotonic clock: POSIX clock_gettime
8:C 10 Jul 2023 19:31:29.041 # oO0OoO0OoO0Oo Redis is starting oO0OoO0OoO0Oo
8:C 10 Jul 2023 19:31:29.041 # Redis version=7.0.11, bits=64, commit=00000000, modified=0, pid=8, just started
8:C 10 Jul 2023 19:31:29.041 # Configuration loaded
8:M 10 Jul 2023 19:31:29.042 * monotonic clock: POSIX clock_gettime
8:C 10 Jul 2023 19:50:27.430 # oO0OoO0OoO0Oo Redis is starting oO0OoO0OoO0Oo
8:C 10 Jul 2023 19:50:27.430 # Redis version=7.0.11, bits=64, commit=00000000, modified=0, pid=8, just started
8:C 10 Jul 2023 19:50:27.430 # Configuration loaded
8:C 10 Jul 2023 20:03:30.997 # oO0OoO0OoO0Oo Redis is starting oO0OoO0OoO0Oo
8:C 10 Jul 2023 20:03:30.998 # Redis version=7.0.11, bits=64, commit=00000000, modified=0, pid=8, just started
8:C 10 Jul 2023 20:03:30.998 # Configuration loaded
8:M 10 Jul 2023 20:03:30.999 * monotonic clock: POSIX clock_gettime
7:C 01 Aug 2023 18:35:40.911 # oO0OoO0OoO0Oo Redis is starting oO0OoO0OoO0Oo
7:C 01 Aug 2023 18:35:40.911 # Redis version=7.0.11, bits=64, commit=00000000, modified=0, pid=7, just started
7:C 01 Aug 2023 18:35:40.911 # Configuration loaded
7:M 01 Aug 2023 18:35:40.912 * monotonic clock: POSIX clock_gettime
8:C 01 Aug 2023 18:38:49.875 # oO0OoO0OoO0Oo Redis is starting oO0OoO0OoO0Oo
8:C 01 Aug 2023 18:38:49.875 # Redis version=7.0.11, bits=64, commit=00000000, modified=0, pid=8, just started
8:C 01 Aug 2023 18:38:49.875 # Configuration loaded
8:M 01 Aug 2023 18:38:49.877 * monotonic clock: POSIX clock_gettime
